app/build/outputs/logs/manifest-merger-debug-report.txt
-- Merging decision tree log ---
manifest
ADDED from src/main/AndroidManifest.xml:2:1-38:12
INJECTED from src/main/AndroidManifest.xml:2:1-38:12
INJECTED from src/main/AndroidManifest.xml:2:1-38:12
INJECTED from src/main/AndroidManifest.xml:2:1-38:12
MERGED from [com.android.support:design:26.1.0] AndroidManifest.xml:17:1-31:12
MERGED from [com.android.support:appcompat-v7:26.1.0] AndroidManifest.xml:17:1-31:12
MERGED from [com.android.support.constraint:constraint-layout:1.0.2] AndroidManifest.xml:2:1-11:12
MERGED from [com.google.android.gms:play-services-maps:16.1.0] AndroidManifest.xml:17:1-38:12
MERGED from [com.google.android.gms:play-services-location:16.0.0] AndroidManifest.xml:2:1-9:12
MERGED from [com.android.support:animated-vector-drawable:26.1.0] AndroidManifest.xml:17:1-28:12
MERGED from [com.android.support:support-vector-drawable:26.1.0] AndroidManifest.xml:17:1-28:12
MERGED from [com.android.support:recyclerview-v7:26.1.0] AndroidManifest.xml:17:1-28:12
MERGED from [com.android.support:transition:26.1.0] AndroidManifest.xml:17:1-28:12
MERGED from [com.google.android.gms:play-services-base:16.0.1] AndroidManifest.xml:17:1-29:12
MERGED from [com.google.android.gms:play-services-places-placereport:16.0.0] AndroidManifest.xml:17:1-24:12
MERGED from [com.google.android.gms:play-services-tasks:16.0.1] AndroidManifest.xml:2:1-9:12
MERGED from [com.google.android.gms:play-services-basement:16.0.1] AndroidManifest.xml:17:1-28:12
MERGED from [com.android.support:support-v4:26.1.0] AndroidManifest.xml:17:1-31:12
MERGED from [com.android.support:support-media-compat:26.1.0] AndroidManifest.xml:17:1-31:12
MERGED from [com.android.support:support-fragment:26.1.0] AndroidManifest.xml:17:1-31:12
MERGED from [com.android.support:support-core-utils:26.1.0] AndroidManifest.xml:17:1-31:12
MERGED from [com.android.support:support-core-ui:26.1.0] AndroidManifest.xml:17:1-31:12
MERGED from [com.android.support:support-compat:26.1.0] AndroidManifest.xml:17:1-31:12
MERGED from [android.arch.lifecycle:runtime:1.0.0] AndroidManifest.xml:17:1-30:12
INJECTED from src/main/AndroidManifest.xml:2:1-38:12
INJECTED from src/main/AndroidManifest.xml:2:1-38:12
INJECTED from src/main/AndroidManifest.xml:2:1-38:12
	package
		ADDED from src/main/AndroidManifest.xml:3:5-55
		INJECTED from src/main/AndroidManifest.xml
		INJECTED from src/main/AndroidManifest.xml
	android:versionName
		INJECTED from src/main/AndroidManifest.xml
		ADDED from src/main/AndroidManifest.xml:2:1-38:12
		INJECTED from src/main/AndroidManifest.xml
	android:versionCode
		INJECTED from src/main/AndroidManifest.xml
		ADDED from src/main/AndroidManifest.xml:2:1-38:12
		INJECTED from src/main/AndroidManifest.xml
	xmlns:android
		ADDED from src/main/AndroidManifest.xml:2:11-69
uses-permission#com.google.android.gms.permission.ACTIVITY_RECOGNITION
ADDED from src/main/AndroidManifest.xml:5:5-94
	android:name
		ADDED from src/main/AndroidManifest.xml:5:22-91
uses-permission#android.permission.ACCESS_FINE_LOCATION
ADDED from src/main/AndroidManifest.xml:6:5-79
	android:name
		ADDED from src/main/AndroidManifest.xml:6:22-76
uses-permission#android.permission.ACCESS_COARSE_LOCATION
ADDED from src/main/AndroidManifest.xml:7:5-81
	android:name
		ADDED from src/main/AndroidManifest.xml:7:22-78
uses-permission#android.permission.WRITE_EXTERNAL_STORAGE
ADDED from src/main/AndroidManifest.xml:8:5-80
	android:name
		ADDED from src/main/AndroidManifest.xml:8:22-78
uses-permission#android.permission.READ_EXTERNAL_STORAGE
ADDED from src/main/AndroidManifest.xml:9:5-79
	android:name
		ADDED from src/main/AndroidManifest.xml:9:22-77
uses-permission#android.permission.INTERNET
ADDED from src/main/AndroidManifest.xml:10:5-67
MERGED from [com.google.android.gms:play-services-maps:16.1.0] AndroidManifest.xml:24:5-67
MERGED from [com.google.android.gms:play-services-maps:16.1.0] AndroidManifest.xml:24:5-67
	android:name
		ADDED from src/main/AndroidManifest.xml:10:22-64
permission#android.permission.MEDIA_CONTENT_CONTROL
ADDED from src/main/AndroidManifest.xml:11:5-75
	android:name
		ADDED from src/main/AndroidManifest.xml:11:17-72
uses-permission#android.permission.READ_PHONE_STATE
ADDED from src/main/AndroidManifest.xml:12:5-75
	android:name
		ADDED from src/main/AndroidManifest.xml:12:22-72
application
ADDED from src/main/AndroidManifest.xml:14:5-37:19
MERGED from [com.android.support:design:26.1.0] AndroidManifest.xml:25:5-29:19
MERGED from [com.android.support:design:26.1.0] AndroidManifest.xml:25:5-29:19
MERGED from [com.android.support:appcompat-v7:26.1.0] AndroidManifest.xml:25:5-29:19
MERGED from [com.android.support:appcompat-v7:26.1.0] AndroidManifest.xml:25:5-29:19
MERGED from [com.android.support.constraint:constraint-layout:1.0.2] AndroidManifest.xml:9:5-20
MERGED from [com.android.support.constraint:constraint-layout:1.0.2] AndroidManifest.xml:9:5-20
MERGED from [com.google.android.gms:play-services-maps:16.1.0] AndroidManifest.xml:30:5-36:19
MERGED from [com.google.android.gms:play-services-maps:16.1.0] AndroidManifest.xml:30:5-36:19
MERGED from [com.google.android.gms:play-services-location:16.0.0] AndroidManifest.xml:7:5-20
MERGED from [com.google.android.gms:play-services-location:16.0.0] AndroidManifest.xml:7:5-20
MERGED from [com.android.support:animated-vector-drawable:26.1.0] AndroidManifest.xml:22:5-26:19
MERGED from [com.android.support:animated-vector-drawable:26.1.0] AndroidManifest.xml:22:5-26:19
MERGED from [com.android.support:support-vector-drawable:26.1.0] AndroidManifest.xml:22:5-26:19
MERGED from [com.android.support:support-vector-drawable:26.1.0] AndroidManifest.xml:22:5-26:19
MERGED from [com.android.support:recyclerview-v7:26.1.0] AndroidManifest.xml:22:5-26:19
MERGED from [com.android.support:recyclerview-v7:26.1.0] AndroidManifest.xml:22:5-26:19
MERGED from [com.android.support:transition:26.1.0] AndroidManifest.xml:22:5-26:19
MERGED from [com.android.support:transition:26.1.0] AndroidManifest.xml:22:5-26:19
MERGED from [com.google.android.gms:play-services-base:16.0.1] AndroidManifest.xml:22:5-27:19
MERGED from [com.google.android.gms:play-services-base:16.0.1] AndroidManifest.xml:22:5-27:19
MERGED from [com.google.android.gms:play-services-places-placereport:16.0.0] AndroidManifest.xml:22:5-20
MERGED from [com.google.android.gms:play-services-places-placereport:16.0.0] AndroidManifest.xml:22:5-20
MERGED from [com.google.android.gms:play-services-tasks:16.0.1] AndroidManifest.xml:7:5-20
MERGED from [com.google.android.gms:play-services-tasks:16.0.1] AndroidManifest.xml:7:5-20
MERGED from [com.google.android.gms:play-services-basement:16.0.1] AndroidManifest.xml:22:5-26:19
MERGED from [com.google.android.gms:play-services-basement:16.0.1] AndroidManifest.xml:22:5-26:19
MERGED from [com.android.support:support-v4:26.1.0] AndroidManifest.xml:25:5-29:19
MERGED from [com.android.support:support-v4:26.1.0] AndroidManifest.xml:25:5-29:19
MERGED from [com.android.support:support-media-compat:26.1.0] AndroidManifest.xml:25:5-29:19
MERGED from [com.android.support:support-media-compat:26.1.0] AndroidManifest.xml:25:5-29:19
MERGED from [com.android.support:support-fragment:26.1.0] AndroidManifest.xml:25:5-29:19
MERGED from [com.android.support:support-fragment:26.1.0] AndroidManifest.xml:25:5-29:19
MERGED from [com.android.support:support-core-utils:26.1.0] AndroidManifest.xml:25:5-29:19
MERGED from [com.android.support:support-core-utils:26.1.0] AndroidManifest.xml:25:5-29:19
MERGED from [com.android.support:support-core-ui:26.1.0] AndroidManifest.xml:25:5-29:19
MERGED from [com.android.support:support-core-ui:26.1.0] AndroidManifest.xml:25:5-29:19
MERGED from [com.android.support:support-compat:26.1.0] AndroidManifest.xml:25:5-29:19
MERGED from [com.android.support:support-compat:26.1.0] AndroidManifest.xml:25:5-29:19
MERGED from [android.arch.lifecycle:runtime:1.0.0] AndroidManifest.xml:24:5-28:19
MERGED from [android.arch.lifecycle:runtime:1.0.0] AndroidManifest.xml:24:5-28:19
	android:supportsRtl
		ADDED from src/main/AndroidManifest.xml:19:9-35
	android:label
		ADDED from src/main/AndroidManifest.xml:17:9-41
	android:roundIcon
		ADDED from src/main/AndroidManifest.xml:18:9-51
	android:icon
		ADDED from src/main/AndroidManifest.xml:16:9-40
	android:allowBackup
		ADDED from src/main/AndroidManifest.xml:15:9-35
	android:theme
		ADDED from src/main/AndroidManifest.xml:20:9-40
activity#org.activityRecognition.activityTracking.SplashActivity
ADDED from src/main/AndroidManifest.xml:21:9-26:20
	android:name
		ADDED from src/main/AndroidManifest.xml:21:19-49
intent-filter#action:name:android.intent.action.MAIN+category:name:android.intent.category.LAUNCHER
ADDED from src/main/AndroidManifest.xml:22:13-25:29
action#android.intent.action.MAIN
ADDED from src/main/AndroidManifest.xml:23:17-69
	android:name
		ADDED from src/main/AndroidManifest.xml:23:25-66
category#android.intent.category.LAUNCHER
ADDED from src/main/AndroidManifest.xml:24:17-77
	android:name
		ADDED from src/main/AndroidManifest.xml:24:27-74
activity#org.activityRecognition.activityTracking.MainActivity
ADDED from src/main/AndroidManifest.xml:27:9-28:20
	android:name
		ADDED from src/main/AndroidManifest.xml:27:19-47
service#org.activityRecognition.activityTracking.ActivityHandlerIntentService
ADDED from src/main/AndroidManifest.xml:29:9-31:40
	android:exported
		ADDED from src/main/AndroidManifest.xml:31:13-37
	android:name
		ADDED from src/main/AndroidManifest.xml:30:13-57
service#org.activityRecognition.activityTracking.ActivityRecognitionService
ADDED from src/main/AndroidManifest.xml:32:9-63
	android:name
		ADDED from src/main/AndroidManifest.xml:32:18-60
meta-data#com.google.android.geo.API_KEY
ADDED from src/main/AndroidManifest.xml:34:9-36:71
	android:value
		ADDED from src/main/AndroidManifest.xml:36:13-68
	android:name
		ADDED from src/main/AndroidManifest.xml:35:13-58
uses-sdk
INJECTED from src/main/AndroidManifest.xml reason: use-sdk injection requested
INJECTED from src/main/AndroidManifest.xml
INJECTED from src/main/AndroidManifest.xml
MERGED from [com.android.support:design:26.1.0] AndroidManifest.xml:21:5-23:62
MERGED from [com.android.support:design:26.1.0] AndroidManifest.xml:21:5-23:62
MERGED from [com.android.support:appcompat-v7:26.1.0] AndroidManifest.xml:21:5-23:78
MERGED from [com.android.support:appcompat-v7:26.1.0] AndroidManifest.xml:21:5-23:78
MERGED from [com.android.support.constraint:constraint-layout:1.0.2] AndroidManifest.xml:5:5-7:41
MERGED from [com.android.support.constraint:constraint-layout:1.0.2] AndroidManifest.xml:5:5-7:41
MERGED from [com.google.android.gms:play-services-maps:16.1.0] AndroidManifest.xml:20:5-44
MERGED from [com.google.android.gms:play-services-maps:16.1.0] AndroidManifest.xml:20:5-44
MERGED from [com.google.android.gms:play-services-location:16.0.0] AndroidManifest.xml:5:5-44
MERGED from [com.google.android.gms:play-services-location:16.0.0] AndroidManifest.xml:5:5-44
MERGED from [com.android.support:animated-vector-drawable:26.1.0] AndroidManifest.xml:20:5-44
MERGED from [com.android.support:animated-vector-drawable:26.1.0] AndroidManifest.xml:20:5-44
MERGED from [com.android.support:support-vector-drawable:26.1.0] AndroidManifest.xml:20:5-44
MERGED from [com.android.support:support-vector-drawable:26.1.0] AndroidManifest.xml:20:5-44
MERGED from [com.android.support:recyclerview-v7:26.1.0] AndroidManifest.xml:20:5-44
MERGED from [com.android.support:recyclerview-v7:26.1.0] AndroidManifest.xml:20:5-44
MERGED from [com.android.support:transition:26.1.0] AndroidManifest.xml:20:5-44
MERGED from [com.android.support:transition:26.1.0] AndroidManifest.xml:20:5-44
MERGED from [com.google.android.gms:play-services-base:16.0.1] AndroidManifest.xml:20:5-44
MERGED from [com.google.android.gms:play-services-base:16.0.1] AndroidManifest.xml:20:5-44
MERGED from [com.google.android.gms:play-services-places-placereport:16.0.0] AndroidManifest.xml:20:5-44
MERGED from [com.google.android.gms:play-services-places-placereport:16.0.0] AndroidManifest.xml:20:5-44
MERGED from [com.google.android.gms:play-services-tasks:16.0.1] AndroidManifest.xml:5:5-44
MERGED from [com.google.android.gms:play-services-tasks:16.0.1] AndroidManifest.xml:5:5-44
MERGED from [com.google.android.gms:play-services-basement:16.0.1] AndroidManifest.xml:20:5-44
MERGED from [com.google.android.gms:play-services-basement:16.0.1] AndroidManifest.xml:20:5-44
MERGED from [com.android.support:support-v4:26.1.0] AndroidManifest.xml:21:5-23:54
MERGED from [com.android.support:support-v4:26.1.0] AndroidManifest.xml:21:5-23:54
MERGED from [com.android.support:support-media-compat:26.1.0] AndroidManifest.xml:21:5-23:63
MERGED from [com.android.support:support-media-compat:26.1.0] AndroidManifest.xml:21:5-23:63
MERGED from [com.android.support:support-fragment:26.1.0] AndroidManifest.xml:21:5-23:60
MERGED from [com.android.support:support-fragment:26.1.0] AndroidManifest.xml:21:5-23:60
MERGED from [com.android.support:support-core-utils:26.1.0] AndroidManifest.xml:21:5-23:61
MERGED from [com.android.support:support-core-utils:26.1.0] AndroidManifest.xml:21:5-23:61
MERGED from [com.android.support:support-core-ui:26.1.0] AndroidManifest.xml:21:5-23:58
MERGED from [com.android.support:support-core-ui:26.1.0] AndroidManifest.xml:21:5-23:58
MERGED from [com.android.support:support-compat:26.1.0] AndroidManifest.xml:21:5-23:58
MERGED from [com.android.support:support-compat:26.1.0] AndroidManifest.xml:21:5-23:58
MERGED from [android.arch.lifecycle:runtime:1.0.0] AndroidManifest.xml:20:5-22:41
MERGED from [android.arch.lifecycle:runtime:1.0.0] AndroidManifest.xml:20:5-22:41
INJECTED from src/main/AndroidManifest.xml
INJECTED from src/main/AndroidManifest.xml
	tools:overrideLibrary
		ADDED from [com.android.support:design:26.1.0] AndroidManifest.xml:23:9-59
	android:targetSdkVersion
		INJECTED from src/main/AndroidManifest.xml
		ADDED from src/main/AndroidManifest.xml
		INJECTED from src/main/AndroidManifest.xml
	android:minSdkVersion
		INJECTED from src/main/AndroidManifest.xml
		ADDED from src/main/AndroidManifest.xml
		INJECTED from src/main/AndroidManifest.xml
meta-data#android.support.VERSION
ADDED from [com.android.support:design:26.1.0] AndroidManifest.xml:26:9-28:38
MERGED from [com.android.support:appcompat-v7:26.1.0] AndroidManifest.xml:26:9-28:38
MERGED from [com.android.support:appcompat-v7:26.1.0] AndroidManifest.xml:26:9-28:38
MERGED from [com.android.support:animated-vector-drawable:26.1.0] AndroidManifest.xml:23:9-25:38
MERGED from [com.android.support:animated-vector-drawable:26.1.0] AndroidManifest.xml:23:9-25:38
MERGED from [com.android.support:support-vector-drawable:26.1.0] AndroidManifest.xml:23:9-25:38
MERGED from [com.android.support:support-vector-drawable:26.1.0] AndroidManifest.xml:23:9-25:38
MERGED from [com.android.support:recyclerview-v7:26.1.0] AndroidManifest.xml:23:9-25:38
MERGED from [com.android.support:recyclerview-v7:26.1.0] AndroidManifest.xml:23:9-25:38
MERGED from [com.android.support:transition:26.1.0] AndroidManifest.xml:23:9-25:38
MERGED from [com.android.support:transition:26.1.0] AndroidManifest.xml:23:9-25:38
MERGED from [com.android.support:support-v4:26.1.0] AndroidManifest.xml:26:9-28:38
MERGED from [com.android.support:support-v4:26.1.0] AndroidManifest.xml:26:9-28:38
MERGED from [com.android.support:support-media-compat:26.1.0] AndroidManifest.xml:26:9-28:38
MERGED from [com.android.support:support-media-compat:26.1.0] AndroidManifest.xml:26:9-28:38
MERGED from [com.android.support:support-fragment:26.1.0] AndroidManifest.xml:26:9-28:38
MERGED from [com.android.support:support-fragment:26.1.0] AndroidManifest.xml:26:9-28:38
MERGED from [com.android.support:support-core-utils:26.1.0] AndroidManifest.xml:26:9-28:38
MERGED from [com.android.support:support-core-utils:26.1.0] AndroidManifest.xml:26:9-28:38
MERGED from [com.android.support:support-core-ui:26.1.0] AndroidManifest.xml:26:9-28:38
MERGED from [com.android.support:support-core-ui:26.1.0] AndroidManifest.xml:26:9-28:38
MERGED from [com.android.support:support-compat:26.1.0] AndroidManifest.xml:26:9-28:38
MERGED from [com.android.support:support-compat:26.1.0] AndroidManifest.xml:26:9-28:38
	android:value
		ADDED from [com.android.support:design:26.1.0] AndroidManifest.xml:28:13-35
	android:name
		ADDED from [com.android.support:design:26.1.0] AndroidManifest.xml:27:13-51
uses-permission#android.permission.ACCESS_NETWORK_STATE
ADDED from [com.google.android.gms:play-services-maps:16.1.0] AndroidManifest.xml:23:5-79
	android:name
		ADDED from [com.google.android.gms:play-services-maps:16.1.0] AndroidManifest.xml:23:22-76
uses-feature#0x00020000
ADDED from [com.google.android.gms:play-services-maps:16.1.0] AndroidManifest.xml:26:5-28:35
	android:glEsVersion
		ADDED from [com.google.android.gms:play-services-maps:16.1.0] AndroidManifest.xml:27:9-41
	android:required
		ADDED from [com.google.android.gms:play-services-maps:16.1.0] AndroidManifest.xml:28:9-32
uses-library#org.apache.http.legacy
ADDED from [com.google.android.gms:play-services-maps:16.1.0] AndroidManifest.xml:33:9-35:40
	android:required
		ADDED from [com.google.android.gms:play-services-maps:16.1.0] AndroidManifest.xml:35:13-37
	android:name
		ADDED from [com.google.android.gms:play-services-maps:16.1.0] AndroidManifest.xml:34:13-50
activity#com.google.android.gms.common.api.GoogleApiActivity
ADDED from [com.google.android.gms:play-services-base:16.0.1] AndroidManifest.xml:23:9-26:75
	android:exported
		ADDED from [com.google.android.gms:play-services-base:16.0.1] AndroidManifest.xml:25:13-37
	android:theme
		ADDED from [com.google.android.gms:play-services-base:16.0.1] AndroidManifest.xml:26:13-72
	android:name
		ADDED from [com.google.android.gms:play-services-base:16.0.1] AndroidManifest.xml:24:13-79
meta-data#com.google.android.gms.version
ADDED from [com.google.android.gms:play-services-basement:16.0.1] AndroidManifest.xml:23:9-25:69
	android:value
		ADDED from [com.google.android.gms:play-services-basement:16.0.1] AndroidManifest.xml:25:13-66
	android:name
		ADDED from [com.google.android.gms:play-services-basement:16.0.1] AndroidManifest.xml:24:13-58
meta-data#android.arch.lifecycle.VERSION
ADDED from [android.arch.lifecycle:runtime:1.0.0] AndroidManifest.xml:25:9-27:47
	android:value
		ADDED from [android.arch.lifecycle:runtime:1.0.0] AndroidManifest.xml:27:13-44
	android:name
		ADDED from [android.arch.lifecycle:runtime:1.0.0] AndroidManifest.xml:26:13-58